<?xml version="1.0" encoding="UTF-8"?>
<coverage generated="1604422449197" clover="3.2.0">
  <project timestamp="1604422449198" name="All files">
    <metrics statements="20" coveredstatements="20" conditionals="12" coveredconditionals="10" methods="8" coveredmethods="8" elements="40" coveredelements="38" complexity="0" loc="20" ncloc="20" packages="1" files="4" classes="4"/>
    <file name="calc.js" path="D:\hellojestjs\calc.js">
      <metrics statements="5" coveredstatements="5" conditionals="0" coveredconditionals="0" methods="5" coveredmethods="5"/>
      <line num="7" count="2" type="stmt"/>
      <line num="10" count="2" type="stmt"/>
      <line num="13" count="2" type="stmt"/>
      <line num="16" count="2" type="stmt"/>
      <line num="20" count="1" type="stmt"/>
    </file>
    <file name="converter.js" path="D:\hellojestjs\converter.js">
      <metrics statements="5" coveredstatements="5" conditionals="6" coveredconditionals="4" methods="1" coveredmethods="1"/>
      <line num="2" count="3" type="cond" truecount="2" falsecount="0"/>
      <line num="3" count="1" type="stmt"/>
      <line num="4" count="2" type="cond" truecount="2" falsecount="2"/>
      <line num="5" count="2" type="stmt"/>
      <line num="10" count="1" type="stmt"/>
    </file>
    <file name="fizzbuzz.js" path="D:\hellojestjs\fizzbuzz.js">
      <metrics statements="8" coveredstatements="8" conditionals="6" coveredconditionals="6" methods="1" coveredmethods="1"/>
      <line num="4" count="4" type="cond" truecount="2" falsecount="0"/>
      <line num="5" count="1" type="stmt"/>
      <line num="6" count="3" type="cond" truecount="2" falsecount="0"/>
      <line num="7" count="1" type="stmt"/>
      <line num="8" count="2" type="cond" truecount="2" falsecount="0"/>
      <line num="9" count="1" type="stmt"/>
      <line num="11" count="1" type="stmt"/>
      <line num="15" count="1" type="stmt"/>
    </file>
    <file name="sum.js" path="D:\hellojestjs\sum.js">
      <metrics statements="2" coveredstatements="2" conditionals="0" coveredconditionals="0" methods="1" coveredmethods="1"/>
      <line num="2" count="1" type="stmt"/>
      <line num="4" count="1" type="stmt"/>
    </file>
  </project>
</coverage>
