TN:
SF:calc.js
FN:2,(anonymous_0)
FN:5,(anonymous_1)
FN:9,(anonymous_2)
FN:12,(anonymous_3)
FN:15,(anonymous_4)
FNF:5
FNH:5
FNDA:1,(anonymous_0)
FNDA:2,(anonymous_1)
FNDA:2,(anonymous_2)
FNDA:2,(anonymous_3)
FNDA:2,(anonymous_4)
DA:7,2
DA:10,2
DA:13,2
DA:16,2
DA:20,1
LF:5
LH:5
BRF:0
BRH:0
end_of_record
TN:
SF:converter.js
FN:1,converter
FNF:1
FNH:1
FNDA:3,converter
DA:2,3
DA:3,1
DA:4,2
DA:5,2
DA:10,1
LF:5
LH:5
BRDA:2,0,0,1
BRDA:2,0,1,2
BRDA:4,1,0,2
BRDA:4,1,1,0
BRDA:4,2,0,2
BRDA:4,2,1,0
BRF:6
BRH:4
end_of_record
TN:
SF:fizzbuzz.js
FN:3,fizzbuzz
FNF:1
FNH:1
FNDA:4,fizzbuzz
DA:4,4
DA:5,1
DA:6,3
DA:7,1
DA:8,2
DA:9,1
DA:11,1
DA:15,1
LF:8
LH:8
BRDA:4,0,0,1
BRDA:4,0,1,3
BRDA:6,1,0,1
BRDA:6,1,1,2
BRDA:8,2,0,1
BRDA:8,2,1,1
BRF:6
BRH:6
end_of_record
TN:
SF:sum.js
FN:1,sum
FNF:1
FNH:1
FNDA:1,sum
DA:2,1
DA:4,1
LF:2
LH:2
BRF:0
BRH:0
end_of_record
